c:\users\coky\documents\github\ecommmercedesign\ecommerce2\ecommerce2\x64\debug\vc143.pdb
c:\users\coky\documents\github\ecommmercedesign\ecommerce2\ecommerce2\x64\debug\vc143.idb
c:\users\coky\documents\github\ecommmercedesign\ecommerce2\ecommerce2\x64\debug\utils.obj
c:\users\coky\documents\github\ecommmercedesign\ecommerce2\ecommerce2\x64\debug\usermaneger.obj
c:\users\coky\documents\github\ecommmercedesign\ecommerce2\ecommerce2\x64\debug\products.obj
c:\users\coky\documents\github\ecommmercedesign\ecommerce2\ecommerce2\x64\debug\productmanager.obj
c:\users\coky\documents\github\ecommmercedesign\ecommerce2\ecommerce2\x64\debug\product.obj
c:\users\coky\documents\github\ecommmercedesign\ecommerce2\ecommerce2\x64\debug\main.obj
c:\users\coky\documents\github\ecommmercedesign\ecommerce2\ecommerce2\x64\debug\order.obj
c:\users\coky\documents\github\ecommmercedesign\ecommerce2\ecommerce2\x64\debug\user.obj
c:\users\coky\documents\github\ecommmercedesign\ecommerce2\ecommerce2\x64\debug\shoppingcart.obj
c:\users\coky\documents\github\ecommmercedesign\ecommerce2\ecommerce2\x64\debug\ordermanager.obj
c:\users\coky\documents\github\ecommmercedesign\ecommerce2\ecommerce2\x64\debug\ecommerce2.ilk
c:\users\coky\documents\github\ecommmercedesign\ecommerce2\x64\debug\ecommerce2.pdb
c:\users\coky\documents\github\ecommmercedesign\ecommerce2\ecommerce2\x64\debug\ecommerce2.tlog\cl.command.1.tlog
c:\users\coky\documents\github\ecommmercedesign\ecommerce2\ecommerce2\x64\debug\ecommerce2.tlog\cl.items.tlog
c:\users\coky\documents\github\ecommmercedesign\ecommerce2\ecommerce2\x64\debug\ecommerce2.tlog\cl.read.1.tlog
c:\users\coky\documents\github\ecommmercedesign\ecommerce2\ecommerce2\x64\debug\ecommerce2.tlog\cl.write.1.tlog
c:\users\coky\documents\github\ecommmercedesign\ecommerce2\ecommerce2\x64\debug\ecommerce2.tlog\link-cvtres.read.1.tlog
c:\users\coky\documents\github\ecommmercedesign\ecommerce2\ecommerce2\x64\debug\ecommerce2.tlog\link-cvtres.write.1.tlog
c:\users\coky\documents\github\ecommmercedesign\ecommerce2\ecommerce2\x64\debug\ecommerce2.tlog\link-rc.read.1.tlog
c:\users\coky\documents\github\ecommmercedesign\ecommerce2\ecommerce2\x64\debug\ecommerce2.tlog\link-rc.write.1.tlog
c:\users\coky\documents\github\ecommmercedesign\ecommerce2\ecommerce2\x64\debug\ecommerce2.tlog\link.50580-cvtres.read.1.tlog
c:\users\coky\documents\github\ecommmercedesign\ecommerce2\ecommerce2\x64\debug\ecommerce2.tlog\link.50580-cvtres.write.1.tlog
c:\users\coky\documents\github\ecommmercedesign\ecommerce2\ecommerce2\x64\debug\ecommerce2.tlog\link.50580-rc.read.1.tlog
c:\users\coky\documents\github\ecommmercedesign\ecommerce2\ecommerce2\x64\debug\ecommerce2.tlog\link.50580-rc.write.1.tlog
c:\users\coky\documents\github\ecommmercedesign\ecommerce2\ecommerce2\x64\debug\ecommerce2.tlog\link.50580.read.1.tlog
c:\users\coky\documents\github\ecommmercedesign\ecommerce2\ecommerce2\x64\debug\ecommerce2.tlog\link.50580.read.2.tlog
c:\users\coky\documents\github\ecommmercedesign\ecommerce2\ecommerce2\x64\debug\ecommerce2.tlog\link.50580.read.3.tlog
c:\users\coky\documents\github\ecommmercedesign\ecommerce2\ecommerce2\x64\debug\ecommerce2.tlog\link.50580.read.4.tlog
c:\users\coky\documents\github\ecommmercedesign\ecommerce2\ecommerce2\x64\debug\ecommerce2.tlog\link.50580.read.5.tlog
c:\users\coky\documents\github\ecommmercedesign\ecommerce2\ecommerce2\x64\debug\ecommerce2.tlog\link.50580.write.1.tlog
c:\users\coky\documents\github\ecommmercedesign\ecommerce2\ecommerce2\x64\debug\ecommerce2.tlog\link.command.1.tlog
c:\users\coky\documents\github\ecommmercedesign\ecommerce2\ecommerce2\x64\debug\ecommerce2.tlog\link.read.1.tlog
c:\users\coky\documents\github\ecommmercedesign\ecommerce2\ecommerce2\x64\debug\ecommerce2.tlog\link.read.2.tlog
c:\users\coky\documents\github\ecommmercedesign\ecommerce2\ecommerce2\x64\debug\ecommerce2.tlog\link.read.3.tlog
c:\users\coky\documents\github\ecommmercedesign\ecommerce2\ecommerce2\x64\debug\ecommerce2.tlog\link.read.4.tlog
c:\users\coky\documents\github\ecommmercedesign\ecommerce2\ecommerce2\x64\debug\ecommerce2.tlog\link.read.5.tlog
c:\users\coky\documents\github\ecommmercedesign\ecommerce2\ecommerce2\x64\debug\ecommerce2.tlog\link.secondary.1.tlog
c:\users\coky\documents\github\ecommmercedesign\ecommerce2\ecommerce2\x64\debug\ecommerce2.tlog\link.write.1.tlog
